app/build/intermediates/manifest_merge_blame_file/release/manifest-merger-blame-release-report.txt
1<?xml version="1.0" encoding="utf-8"?>
2<manifest xmlns:android="http://schemas.android.com/apk/res/android"
3    package="net.catting.android"
4    android:versionCode="1"
5    android:versionName="0.0.1" >
6
7    <uses-sdk
8        android:minSdkVersion="24"
8-->src\main\AndroidManifest.xml
9        android:targetSdkVersion="29" />
9-->src\main\AndroidManifest.xml
10
11    <uses-permission android:name="android.permission.INTERNET" />
11-->src\main\AndroidManifest.xml:5:5-67
11-->src\main\AndroidManifest.xml:5:22-64
12    <uses-permission android:name="android.permission.ACCESS_NETWORK_STATE" />
12-->src\main\AndroidManifest.xml:6:5-79
12-->src\main\AndroidManifest.xml:6:22-76
13    <uses-permission android:name="android.permission.READ_EXTERNAL_STORAGE" />
13-->src\main\AndroidManifest.xml:7:5-79
13-->src\main\AndroidManifest.xml:7:22-77
14    <uses-permission android:name="android.permission.WRITE_EXTERNAL_STORAGE" />
14-->src\main\AndroidManifest.xml:8:5-80
14-->src\main\AndroidManifest.xml:8:22-78
15    <uses-permission android:name="android.permission.REQUEST_INSTALL_PACKAGES" />
15-->src\main\AndroidManifest.xml:9:5-82
15-->src\main\AndroidManifest.xml:9:22-80
16
17    <application
17-->src\main\AndroidManifest.xml:11:5-43:19
18        android:name="net.catting.android.Application"
18-->src\main\AndroidManifest.xml:13:9-36
19        android:allowBackup="true"
19-->src\main\AndroidManifest.xml:14:9-35
20        android:appComponentFactory="androidx.core.app.CoreComponentFactory"
20-->[androidx.core:core:1.1.0] AndroidManifest.xml:24:18-86
21        android:icon="@mipmap/ic_launcher"
21-->src\main\AndroidManifest.xml:15:9-43
22        android:label="@string/app_name"
22-->src\main\AndroidManifest.xml:16:9-41
23        android:roundIcon="@mipmap/ic_launcher_round"
23-->src\main\AndroidManifest.xml:17:9-54
24        android:supportsRtl="true"
24-->src\main\AndroidManifest.xml:18:9-35
25        android:theme="@style/AppTheme" >
25-->src\main\AndroidManifest.xml:19:9-40
26        <provider
26-->src\main\AndroidManifest.xml:20:9-28:20
27            android:name="net.catting.android.GenericFileProvider"
27-->src\main\AndroidManifest.xml:21:13-48
28            android:authorities="net.catting.android.fileprovider"
28-->src\main\AndroidManifest.xml:22:13-67
29            android:exported="false"
29-->src\main\AndroidManifest.xml:23:13-37
30            android:grantUriPermissions="true" >
30-->src\main\AndroidManifest.xml:24:13-47
31            <meta-data
31-->src\main\AndroidManifest.xml:25:13-27:57
32                android:name="android.support.FILE_PROVIDER_PATHS"
32-->src\main\AndroidManifest.xml:26:17-67
33                android:resource="@xml/provider_paths" />
33-->src\main\AndroidManifest.xml:27:17-55
34        </provider>
35
36        <activity
36-->src\main\AndroidManifest.xml:29:9-32:68
37            android:name="net.catting.android.UpdateActivity"
37-->src\main\AndroidManifest.xml:30:13-43
38            android:label="@string/title_activity_update"
38-->src\main\AndroidManifest.xml:31:13-58
39            android:theme="@style/AppTheme.NoActionBar" />
39-->src\main\AndroidManifest.xml:32:13-56
40        <activity
40-->src\main\AndroidManifest.xml:33:9-42:20
41            android:name="net.catting.android.MainActivity"
41-->src\main\AndroidManifest.xml:34:13-41
42            android:label="@string/app_name"
42-->src\main\AndroidManifest.xml:35:13-45
43            android:theme="@style/AppTheme.NoActionBar" >
43-->src\main\AndroidManifest.xml:36:13-56
44            <intent-filter>
44-->src\main\AndroidManifest.xml:37:13-41:29
45                <action android:name="android.intent.action.MAIN" />
45-->src\main\AndroidManifest.xml:38:17-69
45-->src\main\AndroidManifest.xml:38:25-66
46
47                <category android:name="android.intent.category.LAUNCHER" />
47-->src\main\AndroidManifest.xml:40:17-77
47-->src\main\AndroidManifest.xml:40:27-74
48            </intent-filter>
49        </activity>
50
51        <provider
51-->[com.squareup.picasso:picasso:2.71828] AndroidManifest.xml:8:9-11:40
52            android:name="com.squareup.picasso.PicassoProvider"
52-->[com.squareup.picasso:picasso:2.71828] AndroidManifest.xml:9:13-64
53            android:authorities="net.catting.android.com.squareup.picasso"
53-->[com.squareup.picasso:picasso:2.71828] AndroidManifest.xml:10:13-72
54            android:exported="false" />
54-->[com.squareup.picasso:picasso:2.71828] AndroidManifest.xml:11:13-37
55    </application>
56
57</manifest>